2021-03-09 17:17:12,913 test_case.py[line:31]INFO - 【开始执行测试用例：web端邮件专享价】
2021-03-09 17:17:12,913 test_case.py[line:35]INFO - 用例设置检查点：['$.data[0].goodsSn=148631101', '$.data[0].displayPrice=85.97']
2021-03-09 17:17:12,913 test_case.py[line:37]INFO - 请求url：http://10.4.4.83:8082/gb/search
2021-03-09 17:17:12,913 test_case.py[line:38]INFO - 请求参数：{'domain': 'GB', 'accessToken': '576861360e1344ba9b6de1992f60b28a', 'pageNo': 1, 'agent': 'web', 'logEnable': True, 'pageSize': 60, 'version': 5, 'filters': [{'field': 'webStatus', 'values': [2, 4, 5]}, {'field': 'recommendedLevel', 'type': 'mustNot', 'values': [14]}, {'field': 'mailPriceActive', 'values': [1]}, {'field': 'isTort', 'values': [0]}], 'collapse': {'field': 'goodsWebSpu', 'sorts': [{'field': 'stockFlag', 'order': 'desc'}, {'field': 'displayPrice', 'order': 'asc'}, {'field': 'week2Sales', 'order': 'desc'}]}, 'sorts': [{'field': 'stockFlag', 'order': 'desc'}, {'field': 'week2Sales', 'order': 'desc'}, {'field': 'totalFavoriteCount', 'order': 'desc'}, {'field': 'firstUpTime', 'order': 'desc'}], 'aggregations': [{'key': 'catIdLevel1', 'field': 'categories.catId', 'size': 30, 'filters': [{'field': 'categories.level', 'values': [1]}, {'field': 'categories.isDefault', 'values': [1]}], 'stat': 'count'}, {'field': 'whCode', 'filters': 'whCode', 'size': 10, 'stat': 'count'}], 'options': {'query.weightScore.enable': False}}
2021-03-09 17:17:34,005 test_case.py[line:31]INFO - 【开始执行测试用例：M端邮件专享价】
2021-03-09 17:17:34,006 test_case.py[line:35]INFO - 用例设置检查点：['$.data[0].goodsSn=148631101', '$.data[0].displayPrice=85.97']
2021-03-09 17:17:34,006 test_case.py[line:37]INFO - 请求url：http://10.4.4.83:8082/gb/search
2021-03-09 17:17:34,007 test_case.py[line:38]INFO - 请求参数：{'domain': 'GB', 'accessToken': '576861360e1344ba9b6de1992f60b28a', 'pageNo': 1, 'agent': 'web', 'logEnable': True, 'pageSize': 60, 'version': 5, 'filters': [{'field': 'webStatus', 'values': [2, 4, 5]}, {'field': 'recommendedLevel', 'type': 'mustNot', 'values': [14]}, {'field': 'mailPriceActive', 'values': [1]}, {'field': 'isTort', 'values': [0]}], 'collapse': {'field': 'goodsWebSpu', 'sorts': [{'field': 'stockFlag', 'order': 'desc'}, {'field': 'displayPrice', 'order': 'asc'}, {'field': 'week2Sales', 'order': 'desc'}]}, 'sorts': [{'field': 'stockFlag', 'order': 'desc'}, {'field': 'week2Sales', 'order': 'desc'}, {'field': 'totalFavoriteCount', 'order': 'desc'}, {'field': 'firstUpTime', 'order': 'desc'}], 'aggregations': [{'key': 'catIdLevel1', 'field': 'categories.catId', 'size': 30, 'filters': [{'field': 'categories.level', 'values': [1]}, {'field': 'categories.isDefault', 'values': [1]}], 'stat': 'count'}, {'field': 'whCode', 'filters': 'whCode', 'size': 10, 'stat': 'count'}], 'options': {'query.weightScore.enable': False}}
2021-03-09 17:17:55,054 test_case.py[line:31]INFO - 【开始执行测试用例：app端邮件专享价】
2021-03-09 17:17:55,054 test_case.py[line:35]INFO - 用例设置检查点：['$.data[0].goodsSn=148631101', '$.data[0].displayPrice=85.98']
2021-03-09 17:17:55,055 test_case.py[line:37]INFO - 请求url：http://10.4.4.83:8082/gb/search
2021-03-09 17:17:55,055 test_case.py[line:38]INFO - 请求参数：{'domain': 'GB', 'accessToken': '576861360e1344ba9b6de1992f60b28a', 'pageNo': 1, 'agent': 'web', 'logEnable': True, 'pageSize': 60, 'version': 5, 'filters': [{'field': 'webStatus', 'values': [2, 4, 5]}, {'field': 'recommendedLevel', 'type': 'mustNot', 'values': [14]}, {'field': 'mailPriceActive', 'values': [1]}, {'field': 'isTort', 'values': [0]}], 'collapse': {'field': 'goodsWebSpu', 'sorts': [{'field': 'stockFlag', 'order': 'desc'}, {'field': 'displayPrice', 'order': 'asc'}, {'field': 'week2Sales', 'order': 'desc'}]}, 'sorts': [{'field': 'stockFlag', 'order': 'desc'}, {'field': 'week2Sales', 'order': 'desc'}, {'field': 'totalFavoriteCount', 'order': 'desc'}, {'field': 'firstUpTime', 'order': 'desc'}], 'aggregations': [{'key': 'catIdLevel1', 'field': 'categories.catId', 'size': 30, 'filters': [{'field': 'categories.level', 'values': [1]}, {'field': 'categories.isDefault', 'values': [1]}], 'stat': 'count'}, {'field': 'whCode', 'filters': 'whCode', 'size': 10, 'stat': 'count'}], 'options': {'query.weightScore.enable': False}}
2021-03-09 17:18:16,109 test_case.py[line:31]INFO - 【开始执行测试用例：CRM登录-获取ssesionId】
2021-03-09 17:18:16,114 test_case.py[line:31]INFO - 【开始执行测试用例：获取ticket】
2021-03-09 17:18:16,114 test_case.py[line:35]INFO - 用例设置检查点：['{"code":"0"', '"msg":"OK"', '"result":{"ticket":"F2546BC6425C4D1E9E5791AAD57A7501"', '"rememberMe":0}}']
2021-03-09 17:18:16,115 test_case.py[line:37]INFO - 请求url：http://test.passport.be.lvdatong.com/sso/generateTicket
2021-03-09 17:18:16,115 test_case.py[line:38]INFO - 请求参数：{'sessionId': '8B617BAB74B74F44ADF31250CA257215'}
2021-03-09 17:18:16,159 test_case.py[line:41]INFO - 返回结果：{'code': '-2', 'msg': 'sessionId已经失效，请重新登录', 'result': None}
2021-03-09 17:18:16,160 test_case.py[line:31]INFO - 【开始执行测试用例：CRM登录】
2021-03-09 17:18:16,160 test_case.py[line:35]INFO - 用例设置检查点：['{"code":"0"', '"msg":"OK"', '"result":{"token":"BA3A7E80C6654E779E055FF3467572A7"', '"rememberMe":0', '"rememberMeSeconds":null', '"loginExpireSeconds":null', '"uuid":"09F6B3E6356E4881D6494F9A60C19E22"}}']
2021-03-09 17:18:16,160 test_case.py[line:37]INFO - 请求url：http://test.portal.be.lvdatong.com/security/getToken
2021-03-09 17:18:16,160 test_case.py[line:38]INFO - 请求参数：{'ticket': 'F2546BC6425C4D1E9E5791AAD57A7501', 'uuid': '09F6B3E6356E4881D6494F9A60C19E22'}
2021-03-09 17:18:16,169 test_case.py[line:41]INFO - 返回结果：{'code': '01002', 'msg': 'SSO验证ticket失败，过期或不存在', 'result': None}
2021-03-09 17:18:16,170 test_case.py[line:31]INFO - 【开始执行测试用例：新增用户】
2021-03-09 17:18:16,170 test_case.py[line:35]INFO - 用例设置检查点：['{"code":"0"', '"msg":"ok"', '"result":null}']
2021-03-09 17:18:16,170 test_case.py[line:37]INFO - 请求url：http://test.admin.be.lvdatong.com/customer/addCustomer
2021-03-09 17:18:16,170 test_case.py[line:38]INFO - 请求参数：{'customerId': '', 'name': 'TEST法务咨询有限公司00078', 'shortName': '', 'cusSource': '2', 'cusType': '1', 'license': '123565656550078', 'province': 3624, 'city': 3677, 'district': 3685, 'address': '详细地址详细地址详细地址888', 'legalPerson': '', 'businessScope': '', 'tradeId': '', 'employees': '', 'phone': '', 'email': '', 'fax': '', 'remark': '', 'customerContacts': [{'contactId': '', 'contactName': 'Sen78', 'sex': '1', 'mobile': '13246889978', 'job': '', 'dept': '', 'position': '', 'telephone': '', 'qq': '', 'email': '', 'wechat': '', 'type': '1', 'contactRole': '2'}], 'customerParticipants': [], 'type': '0', 'companyType': '', 'website': '', 'registeredCapital': '', 'anotherPhone': '', 'refereeMobile': '', 'masterMobile': ''}
2021-03-09 17:18:16,177 test_case.py[line:41]INFO - 返回结果：{'code': '-1', 'msg': '请检查入参，没有传入Token'}
